   Compiling ruler v0.1.0 (/home/llvm-lab/cs598apk/ruler)
warning: unused import: `crate::Pred`
   --> tests/pypy_int.rs:262:9
    |
262 |     use crate::Pred;
    |         ^^^^^^^^^^^
    |
    = note: `#[warn(unused_imports)]` on by default

warning: unused import: `Duration`
   --> tests/pypy_int.rs:263:21
    |
263 |     use std::time::{Duration, Instant};
    |                     ^^^^^^^^

warning: unused imports: `Filter`, `Lang`, `Limits`, `Metric`, `Ruleset`, `Workload`, `logger`, `recursive_rules`, `run_workload`
   --> tests/pypy_int.rs:266:17
    |
266 |         enumo::{Filter, Metric, Ruleset, Workload},
    |                 ^^^^^^  ^^^^^^  ^^^^^^^  ^^^^^^^^
267 |         logger,
    |         ^^^^^^
268 |         recipe_utils::{recursive_rules, run_workload, Lang},
    |                        ^^^^^^^^^^^^^^^  ^^^^^^^^^^^^  ^^^^
269 |         Limits,
    |         ^^^^^^

warning: unused variable: `duration`
   --> tests/pypy_int.rs:276:13
    |
276 |         let duration = start.elapsed();
    |             ^^^^^^^^ help: if this is intentional, prefix it with an underscore: `_duration`
    |
    = note: `#[warn(unused_variables)]` on by default

warning: `ruler` (test "pypy_int") generated 4 warnings
    Finished test [optimized + debuginfo] target(s) in 9.86s
     Running tests/pypy_int.rs (target/debug/deps/pypy_int-7179465fb6ce541a)

running 1 test
test test::run ... ok

successes:

---- test::run stdout ----
Learned 0 bidirectional rewrites (0 total rewrites) in 0.000131095 using 0 prior rewrites
Learned 0 bidirectional rewrites (0 total rewrites) in 0.000154139 using 0 prior rewrites
Learned 12 bidirectional rewrites (22 total rewrites) in 0.092483675 using 0 prior rewrites
(int_and ?a ?b) <=> (int_and ?b ?a)
(int_xor ?a ?b) <=> (int_xor ?b ?a)
(int_or ?a ?b) <=> (int_or ?b ?a)
(int_or ?a ?a) <=> (int_and ?a ?a)
(int_or ?a ?a) <=> (int_not (int_not ?a))
(int_xor ?a ?a) ==> 0
(int_not ?a) <=> (int_xor ?a 1)
(int_and ?a 1) <=> (int_and ?a ?a)
(int_or ?a ?a) <=> (int_or ?a 0)
(int_or ?a ?a) <=> (int_xor ?a 0)
(int_xor ?a ?a) <=> (int_and 0 ?a)
(int_or ?a 1) ==> 1
Learned 6 bidirectional rewrites (10 total rewrites) in 0.044150503 using 22 prior rewrites
(int_or ?a (int_not ?a)) <=> (int_or ?a (int_not 0))
(int_xor ?a (int_not ?a)) ==> 1
(int_and ?a (int_not ?a)) ==> 0
(int_or ?a (int_not ?a)) <=> (int_xor ?a (int_not ?a))
(int_not (int_and ?a ?a)) <=> (int_not ?a)
(int_xor ?b (int_not ?a)) <=> (int_not (int_xor ?a ?b))
Learned 15 bidirectional rewrites (28 total rewrites) in 0.194517351 using 32 prior rewrites
(int_and (int_xor ?b ?a) 1) <=> (int_xor ?b ?a)
(int_xor ?b (int_or ?b ?a)) <=> (int_and ?a (int_not ?b))
(int_and ?b (int_not ?a)) <=> (int_not (int_or ?a (int_not ?b)))
(int_and ?b (int_not ?a)) <=> (int_xor ?b (int_and ?a ?b))
(int_and ?a (int_xor ?b ?a)) <=> (int_and ?a (int_not ?b))
(int_or (int_not ?b) (int_not ?a)) <=> (int_not (int_and ?b ?a))
(int_not (int_or ?b ?a)) <=> (int_and (int_not ?b) (int_not ?a))
(int_or ?b (int_xor ?b ?a)) <=> (int_or ?b ?a)
(int_and ?a (int_or ?b ?a)) ==> (int_and ?a ?a)
(int_or ?a (int_and ?b ?a)) ==> (int_and ?a ?a)
(int_and ?a (int_and ?b ?a)) <=> (int_and ?b ?a)
(int_or ?b (int_or ?b ?a)) <=> (int_or ?b ?a)
(int_and ?c (int_and ?b ?a)) <=> (int_and ?a (int_and ?c ?b))
(int_or ?c (int_or ?b ?a)) <=> (int_or ?b (int_or ?c ?a))
(int_xor ?c (int_xor ?b ?a)) <=> (int_xor ?a (int_xor ?c ?b))
Learned 0 bidirectional rewrites (0 total rewrites) in 0.00005317 using 60 prior rewrites
Learned 0 bidirectional rewrites (0 total rewrites) in 0.000063549 using 60 prior rewrites
Learned 11 bidirectional rewrites (21 total rewrites) in 0.086867454 using 60 prior rewrites
(int_sub ?a 1) <=> (int_add ?a -1)
(int_sub ?a -1) <=> (int_add ?a 1)
(int_mul 0 ?a) <=> (int_sub ?a ?a)
(int_sub 0 ?a) <=> (int_neg ?a)
(int_mul ?a -1) <=> (int_neg ?a)
?a <=> (int_mul ?a 1)
?a <=> (int_add ?a 0)
?a <=> (int_sub ?a 0)
(int_sub ?a ?a) ==> 0
(int_mul ?b ?a) <=> (int_mul ?a ?b)
(int_add ?b ?a) <=> (int_add ?a ?b)
Learned 9 bidirectional rewrites (18 total rewrites) in 0.081323439 using 81 prior rewrites
(int_sub -1 (int_neg ?a)) <=> (int_add ?a -1)
(int_add ?a -1) <=> (int_neg (int_sub 1 ?a))
(int_add ?a 1) <=> (int_neg (int_sub -1 ?a))
(int_add (int_neg ?a) 1) <=> (int_sub 1 ?a)
(int_sub 1 ?a) <=> (int_neg (int_add ?a -1))
(int_sub (int_neg ?a) ?a) <=> (int_neg (int_add ?a ?a))
(int_mul ?a (int_neg ?a)) <=> (int_neg (int_mul ?a ?a))
(int_sub ?a (int_neg ?a)) <=> (int_add ?a ?a)
(int_neg ?a) <=> (int_neg (int_neg (int_neg ?a)))
Learned 24 bidirectional rewrites (48 total rewrites) in 0.33180967 using 99 prior rewrites
(int_add 1 (int_sub 1 ?a)) <=> (int_sub (int_add 1 1) ?a)
(int_sub 1 (int_add ?a ?a)) <=> (int_sub (int_sub 1 ?a) ?a)
(int_add (int_add ?a ?a) 1) <=> (int_add ?a (int_add ?a 1))
(int_mul ?a (int_add ?a 1)) <=> (int_add ?a (int_mul ?a ?a))
(int_sub 1 (int_add ?a 1)) <=> (int_sub ?a (int_add ?a ?a))
(int_mul ?a (int_sub 1 ?a)) <=> (int_sub ?a (int_mul ?a ?a))
(int_mul ?a (int_sub ?a 1)) <=> (int_sub (int_mul ?a ?a) ?a)
(int_mul ?a (int_add -1 -1)) <=> (int_neg (int_add ?a ?a))
(int_sub 1 (int_sub 1 ?a)) <=> (int_neg (int_neg ?a))
(int_mul ?a (int_add 1 1)) <=> (int_add ?a ?a)
(int_add ?a (int_neg ?a)) <=> (int_sub (int_neg (int_neg ?a)) ?a)
(int_neg (int_add ?a ?a)) <=> (int_add (int_neg ?a) (int_neg ?a))
(int_neg (int_add ?a (int_neg ?a))) <=> (int_add ?a (int_neg ?a))
(int_mul ?a (int_neg (int_neg ?a))) <=> (int_mul ?a ?a)
(int_mul (int_neg ?a) (int_neg ?a)) <=> (int_mul ?a ?a)
(int_neg (int_neg (int_add ?a ?a))) <=> (int_add ?a ?a)
(int_neg (int_mul ?a (int_neg ?a))) <=> (int_mul ?a ?a)
(int_sub -1 (int_add ?b ?a)) <=> (int_sub (int_sub -1 ?b) ?a)
(int_sub -1 (int_sub ?b ?a)) <=> (int_add ?a (int_sub -1 ?b))
(int_sub (int_sub -1 ?b) ?a) <=> (int_sub (int_sub -1 ?a) ?b)
(int_sub ?b (int_sub -1 ?a)) <=> (int_sub ?a (int_sub -1 ?b))
(int_add ?b (int_sub ?b ?a)) <=> (int_sub ?b (int_sub ?a ?b))
(int_add ?b (int_neg (int_neg ?a))) <=> (int_sub ?b (int_neg ?a))
(int_neg (int_sub ?b ?a)) <=> (int_neg (int_neg (int_sub ?a ?b)))
Learned 0 bidirectional rewrites (0 total rewrites) in 0.000162995 using 147 prior rewrites
Learned 0 bidirectional rewrites (0 total rewrites) in 0.00036312 using 147 prior rewrites
Learned 5 bidirectional rewrites (8 total rewrites) in 0.035761754 using 147 prior rewrites
(int_eq ?a ?a) ==> 1
(int_ne ?a ?a) ==> 0
(int_le ?a ?a) <=> (int_eq ?a ?a)
(int_eq ?b ?a) <=> (int_eq ?a ?b)
(int_ne ?b ?a) <=> (int_ne ?a ?b)
Learned 4 bidirectional rewrites (8 total rewrites) in 0.042815154 using 155 prior rewrites
(int_le ?a (int_neg ?a)) <=> (int_le 0 (int_neg ?a))
(int_ne ?a (int_neg ?a)) <=> (int_ne (int_neg ?a) 0)
(int_eq (int_neg ?a) 0) <=> (int_eq ?a (int_neg ?a))
(int_le (int_neg ?a) 0) <=> (int_le (int_neg ?a) ?a)
Learned 47 bidirectional rewrites (87 total rewrites) in 1.826828106 using 163 prior rewrites
(int_eq (int_le ?a -1) 0) <=> (int_le (int_eq -1 1) ?a)
(int_le (int_le 1 -1) ?a) <=> (int_le (int_le ?a -1) 0)
(int_ne ?a (int_le ?a -1)) <=> (int_ne ?a (int_le 0 -1))
(int_eq ?a (int_eq ?a -1)) <=> (int_eq ?a (int_eq -1 0))
(int_le ?a (int_eq ?a -1)) <=> (int_ne 1 (int_le 1 ?a))
(int_le ?a (int_le ?a -1)) <=> (int_ne 1 (int_le 1 ?a))
(int_eq ?a (int_le 1 ?a)) <=> (int_eq ?a (int_eq ?a 1))
(int_eq ?a (int_ne ?a 0)) <=> (int_eq ?a (int_eq ?a 1))
(int_eq (int_neg ?a) -1) <=> (int_eq (int_neg (int_neg ?a)) 1)
(int_le (int_neg ?a) 1) <=> (int_le -1 (int_neg (int_neg ?a)))
(int_ne ?a (int_le ?a -1)) <=> (int_ne ?a 0)
(int_ne ?a (int_le ?a 1)) <=> (int_ne ?a 1)
(int_ne ?a (int_le 0 ?a)) <=> (int_ne ?a 1)
(int_ne ?a (int_le -1 ?a)) <=> (int_ne ?a 1)
(int_eq ?a (int_eq ?a -1)) <=> (int_eq ?a 0)
(int_le (int_le ?a 0) 0) <=> (int_le 1 ?a)
(int_ne ?a (int_ne ?a -1)) <=> (int_ne ?a 1)
(int_le ?a -1) <=> (int_le (int_le 0 ?a) 0)
(int_le ?a (int_neg (int_neg ?a))) <=> (int_eq ?a (int_neg (int_neg ?a)))
(int_le (int_neg (int_neg ?a)) ?a) <=> (int_le ?a (int_neg (int_neg ?a)))
(int_ne (int_ne ?b ?a) -1) ==> (int_ne -1 0)
(int_le -1 (int_ne ?a ?b)) ==> (int_ne ?a (int_le ?a 0))
(int_ne (int_le ?b ?a) 1) <=> (int_le (int_le ?b ?a) 0)
(int_eq (int_eq ?b ?a) -1) ==> (int_eq ?a (int_eq ?a 0))
(int_ne (int_ne ?a ?b) -1) ==> (int_ne ?a (int_ne ?a 1))
(int_ne (int_ne ?b ?a) -1) ==> 1
(int_le 0 (int_le ?b ?a)) ==> 1
(int_le -1 (int_le ?b ?a)) ==> 1
(int_le (int_eq ?a ?b) ?a) <=> (int_le (int_eq ?b 0) ?a)
(int_le ?b (int_ne ?a 1)) <=> (int_le ?b (int_ne ?b ?a))
(int_le (int_ne ?b 0) ?a) <=> (int_le (int_ne ?b ?a) ?a)
(int_le ?b (int_eq ?a 1)) <=> (int_le ?b (int_eq ?b ?a))
(int_le ?b (int_le ?b ?a)) <=> (int_le ?b (int_le 1 ?a))
(int_le (int_le ?b ?a) ?a) <=> (int_le (int_le ?b 0) ?a)
(int_le (int_le ?a ?b) ?a) <=> (int_le (int_le 0 ?b) ?a)
(int_le ?b (int_le ?a 1)) <=> (int_le ?b (int_le ?a ?b))
(int_le (int_eq ?b ?a) 0) <=> (int_ne ?b ?a)
(int_ne (int_eq ?b ?a) 0) <=> (int_eq ?b ?a)
(int_ne (int_le ?b ?a) 0) <=> (int_le ?b ?a)
(int_le 1 (int_ne ?b ?a)) <=> (int_ne ?b ?a)
(int_eq (int_eq ?b ?a) 0) <=> (int_ne ?b ?a)
(int_eq (int_eq ?b ?a) 1) <=> (int_eq ?b ?a)
(int_le 1 (int_le ?b ?a)) <=> (int_le ?b ?a)
(int_ne (int_ne ?b ?a) 0) <=> (int_ne ?b ?a)
(int_neg (int_neg (int_eq ?b ?a))) <=> (int_eq ?b ?a)
(int_neg (int_neg (int_le ?b ?a))) <=> (int_le ?b ?a)
(int_neg (int_neg (int_ne ?b ?a))) <=> (int_ne ?b ?a)
Learned 0 bidirectional rewrites (0 total rewrites) in 0.000259987 using 250 prior rewrites
Learned 0 bidirectional rewrites (0 total rewrites) in 0.000634517 using 250 prior rewrites
Learned 4 bidirectional rewrites (7 total rewrites) in 0.046708099 using 250 prior rewrites
(int_or ?a -1) ==> 1
(int_and ?a ?a) <=> (int_and ?a -1)
(int_eq ?a 0) <=> (int_not ?a)
(int_xor ?a -1) <=> (int_not ?a)
Learned 9 bidirectional rewrites (17 total rewrites) in 0.192965084 using 257 prior rewrites
(int_eq ?a -1) <=> (int_not (int_sub -1 ?a))
(int_le ?a 0) <=> (int_not (int_le 1 ?a))
(int_sub 1 (int_not ?a)) <=> (int_and ?a ?a)
(int_mul ?a (int_not ?a)) ==> 0
(int_not (int_add ?a ?a)) <=> (int_not (int_mul ?a ?a))
(int_and ?a (int_neg ?a)) <=> (int_or ?a (int_neg ?a))
(int_ne ?a (int_neg ?a)) <=> (int_or ?a (int_neg ?a))
(int_add ?a (int_neg ?a)) <=> (int_xor ?a (int_neg ?a))
(int_not (int_neg (int_neg ?a))) <=> (int_not (int_neg ?a))
Learned 114 bidirectional rewrites (195 total rewrites) in 9.752893758 using 274 prior rewrites
(int_mul (int_sub ?a -1) 0) <=> (int_eq ?a (int_sub ?a -1))
(int_mul (int_add ?a -1) 0) <=> (int_not (int_sub (int_not ?a) ?a))
(int_mul ?a (int_ne ?a 1)) <=> (int_sub ?a (int_eq ?a 1))
(int_mul ?a (int_ne ?a -1)) <=> (int_add ?a (int_eq ?a -1))
(int_ne ?a (int_ne ?a 0)) <=> (int_xor ?a (int_eq ?a 1))
(int_eq ?a (int_ne ?a 0)) <=> (int_xor ?a (int_ne ?a 1))
(int_mul (int_sub 1 ?a) 0) <=> (int_not (int_sub (int_not ?a) ?a))
(int_le (int_sub ?a -1) ?a) <=> (int_eq ?a (int_sub ?a -1))
(int_ne ?a (int_ne ?a 0)) <=> (int_and ?a (int_ne ?a 1))
(int_or ?a (int_sub ?a -1)) <=> (int_sub (int_sub ?a -1) ?a)
(int_le ?a (int_sub ?a -1)) <=> (int_sub (int_sub ?a -1) ?a)
(int_sub (int_sub ?a -1) ?a) <=> (int_ne ?a (int_sub ?a -1))
(int_ne ?a 0) <=> (int_and ?a (int_add 1 1))
(int_and ?a (int_eq ?a -1)) <=> (int_eq ?a -1)
(int_xor ?a (int_le ?a -1)) <=> (int_le 1 ?a)
(int_and ?a (int_le 0 ?a)) <=> (int_le 1 ?a)
(int_or ?a (int_add ?a -1)) <=> (int_le ?a (int_neg (int_neg ?a)))
(int_add ?a (int_sub 1 ?a)) <=> (int_le ?a (int_neg (int_neg ?a)))
(int_xor ?a (int_le 1 ?a)) <=> (int_le ?a (int_neg (int_not ?a)))
(int_and ?a (int_le ?a -1)) <=> (int_le ?a (int_neg (int_not ?a)))
(int_le ?a (int_neg (int_not ?a))) <=> (int_le ?a (int_sub -1 ?a))
(int_le ?a (int_add ?a -1)) <=> (int_not (int_sub (int_not ?a) ?a))
(int_eq ?a (int_add ?a -1)) <=> (int_not (int_sub (int_not ?a) ?a))
(int_le ?a (int_neg (int_neg ?a))) <=> (int_le (int_add ?a -1) ?a)
(int_mul (int_neg ?a) (int_not ?a)) <=> (int_mul (int_neg (int_neg ?a)) 0)
(int_eq ?a (int_sub 1 ?a)) <=> (int_not (int_sub (int_not ?a) ?a))
(int_mul (int_add ?a ?a) 0) <=> (int_xor ?a (int_mul ?a ?a))
(int_eq (int_add ?a ?a) 1) <=> (int_xor ?a (int_add ?a ?a))
(int_le (int_mul ?a ?a) -1) <=> (int_xor ?a (int_mul ?a ?a))
(int_xor ?a (int_add ?a ?a)) <=> (int_eq (int_add ?a ?a) -1)
(int_xor ?a (int_mul ?a ?a)) <=> (int_eq (int_mul ?a ?a) -1)
(int_le ?a (int_mul ?a ?a)) <=> (int_le -1 (int_mul ?a ?a))
(int_le ?a (int_mul ?a ?a)) <=> (int_le 0 (int_mul ?a ?a))
(int_mul (int_mul ?a ?a) 0) <=> (int_xor ?a (int_mul ?a ?a))
(int_le -1 (int_add ?a ?a)) <=> (int_le ?a (int_add ?a ?a))
(int_le 0 (int_add ?a ?a)) <=> (int_le ?a (int_add ?a ?a))
(int_le (int_add ?a ?a) 1) <=> (int_le (int_add ?a ?a) ?a)
(int_le (int_add ?a ?a) ?a) <=> (int_le (int_add ?a ?a) 0)
(int_le ?a (int_sub 1 ?a)) <=> (int_le ?a (int_neg ?a))
(int_not (int_mul ?a ?a)) <=> (int_le (int_mul ?a ?a) 0)
(int_le 1 (int_neg ?a)) <=> (int_le (int_not ?a) (int_neg ?a))
(int_le ?a (int_neg (int_not ?a))) <=> (int_le ?a -1)
(int_ne ?a (int_neg (int_neg ?a))) <=> (int_not (int_sub (int_not ?a) ?a))
(int_mul (int_neg ?a) (int_not ?a)) <=> (int_not (int_sub (int_not ?a) ?a))
(int_eq (int_neg ?a) (int_not ?a)) <=> (int_not (int_sub (int_not ?a) ?a))
(int_neg (int_add ?a (int_not ?a))) <=> (int_sub (int_neg (int_not ?a)) ?a)
(int_and ?a (int_mul ?a ?a)) <=> (int_or ?a (int_mul ?a ?a))
(int_eq ?a (int_mul ?a ?a)) <=> (int_le (int_mul ?a ?a) ?a)
(int_sub (int_neg ?a) (int_not ?a)) <=> (int_sub (int_neg (int_not ?a)) ?a)
(int_le (int_neg ?a) ?a) <=> (int_le (int_neg ?a) (int_not ?a))
(int_eq ?a (int_add ?a ?a)) <=> (int_not (int_add ?a ?a))
(int_mul (int_ne ?b ?a) 0) ==> (int_mul (int_sub -1 ?a) 0)
(int_mul (int_and ?b ?a) 0) ==> (int_mul (int_neg (int_not ?b)) 0)
(int_ne (int_xor ?a ?b) -1) ==> (int_ne (int_neg (int_not ?a)) 1)
(int_le 0 (int_xor ?b ?a)) ==> (int_le (int_neg (int_not ?b)) 0)
(int_ne (int_and ?b ?a) -1) ==> (int_ne ?a (int_sub -1 ?a))
(int_le (int_eq ?b ?a) -1) ==> (int_eq ?b (int_le ?b 0))
(int_eq (int_ne ?a ?b) -1) ==> (int_eq ?a (int_ne ?a 1))
(int_le 0 (int_or ?b ?a)) ==> (int_or ?b (int_le -1 ?b))
(int_ne ?b (int_sub -1 ?a)) <=> (int_ne ?a (int_sub -1 ?b))
(int_le (int_sub -1 ?b) ?a) <=> (int_le (int_sub -1 ?a) ?b)
(int_le ?b (int_sub -1 ?a)) <=> (int_le ?a (int_sub -1 ?b))
(int_le -1 (int_eq ?b ?a)) ==> (int_le (int_not ?b) 1)
(int_le (int_or ?b ?a) 1) ==> (int_le 0 (int_not ?b))
(int_le -1 (int_eq ?b ?a)) ==> (int_ne ?b (int_neg (int_not ?b)))
(int_le (int_and ?a ?b) 1) ==> (int_ne ?a (int_neg (int_not ?a)))
(int_le (int_or ?a ?b) 1) ==> (int_ne ?a (int_neg (int_not ?a)))
(int_mul (int_and ?b ?a) 0) ==> (int_mul ?b (int_neg (int_not ?b)))
(int_le (int_or ?b ?a) -1) ==> (int_not (int_sub ?b (int_not ?b)))
(int_le (int_and ?b ?a) -1) ==> (int_not (int_sub ?b (int_not ?b)))
(int_mul (int_xor ?b ?a) 0) ==> (int_mul ?b (int_neg (int_not ?b)))
(int_mul (int_or ?b ?a) 0) ==> (int_mul ?b (int_neg (int_not ?b)))
(int_mul (int_le ?a ?b) 0) ==> (int_not (int_sub ?a (int_not ?a)))
(int_mul (int_eq ?a ?b) 0) ==> (int_not (int_sub ?a (int_not ?a)))
(int_mul (int_ne ?b ?a) 0) ==> (int_not (int_add ?b (int_not ?b)))
(int_mul (int_ne ?b ?a) 0) ==> (int_mul ?b (int_neg (int_not ?b)))
(int_le (int_ne ?b ?a) -1) ==> (int_not (int_sub ?b (int_not ?b)))
(int_le (int_le ?a ?b) 1) ==> (int_ne ?a (int_neg (int_not ?a)))
(int_ne (int_le ?a ?b) -1) ==> (int_ne ?a (int_neg (int_not ?a)))
(int_not (int_le ?b (int_neg ?a))) <=> (int_le (int_sub 1 ?a) ?b)
(int_ne (int_mul ?b ?a) 0) <=> (int_and ?b (int_mul ?b ?a))
(int_le (int_and ?b ?a) ?a) ==> (int_xor ?a (int_le ?a 0))
(int_le (int_and ?b ?a) ?a) ==> (int_le (int_sub -1 ?a) ?a)
(int_le (int_and ?b ?a) ?a) ==> (int_le (int_sub -1 ?a) -1)
(int_mul ?b (int_ne ?a 0)) <=> (int_mul ?b (int_and ?b ?a))
(int_mul ?a (int_or ?b ?a)) ==> (int_mul ?a (int_ne ?a 0))
(int_le ?a (int_and ?b ?a)) <=> (int_le ?a (int_ne ?b 0))
(int_or ?b (int_le ?a 0)) <=> (int_or ?b (int_le ?a ?b))
(int_or ?b (int_le 0 ?a)) <=> (int_or ?b (int_le ?b ?a))
(int_le (int_and ?b ?a) ?a) ==> (int_le 0 ?a)
(int_eq (int_and ?b ?a) 1) <=> (int_and ?b ?a)
(int_eq (int_or ?b ?a) 1) <=> (int_or ?b ?a)
(int_le ?b (int_or ?b ?a)) ==> (int_le ?b 1)
(int_le ?b ?a) <=> (int_eq (int_le ?b ?a) 1)
(int_le (int_and ?b ?a) ?a) ==> (int_le (int_neg (int_not ?a)) ?a)
(int_le (int_ne ?a ?b) ?a) <=> (int_le (int_or ?a ?b) ?a)
(int_le (int_ne ?a ?b) ?a) <=> (int_le (int_xor ?a ?b) ?a)
(int_mul ?b (int_neg (int_not ?a))) <=> (int_neg (int_mul ?b (int_not ?a)))
(int_and ?a (int_mul ?b ?a)) <=> (int_and ?b (int_mul ?b ?a))
(int_or ?a (int_add ?b ?a)) <=> (int_or ?b (int_add ?b ?a))
(int_and ?a (int_eq ?b ?a)) <=> (int_and ?b (int_eq ?b ?a))
(int_or ?b (int_sub ?b ?a)) <=> (int_or ?a (int_sub ?b ?a))
(int_mul ?b (int_eq ?b ?a)) <=> (int_mul ?a (int_eq ?b ?a))
(int_sub (int_not ?b) ?a) <=> (int_add (int_neg ?a) (int_not ?b))
(int_or ?b (int_not ?a)) <=> (int_le (int_not ?b) (int_not ?a))
(int_not (int_mul ?b (int_not ?a))) <=> (int_or ?a (int_not ?b))
(int_not (int_or ?b ?a)) <=> (int_mul (int_not ?b) (int_not ?a))
(int_or ?b (int_not ?a)) <=> (int_or ?b (int_eq ?a ?b))
(int_le ?b (int_not ?a)) <=> (int_le ?b (int_xor ?a ?b))
(int_mul ?a (int_xor ?b ?a)) <=> (int_mul ?a (int_not ?b))
(int_sub (int_not ?b) ?a) <=> (int_neg (int_sub ?a (int_not ?b)))
(int_xor ?b ?a) <=> (int_ne (int_not ?b) (int_not ?a))
(int_or ?a (int_ne ?b ?a)) <=> (int_or ?b ?a)
(int_mul ?a (int_or ?b ?a)) ==> ?a
Learned 31 bidirectional rewrites (56 total rewrites) in 0.544889943 using 469 prior rewrites
(int_le (int_not ?a) (int_add ?a ?a)) <=> (int_le (int_le ?a ?a) (int_add ?a ?a))
(int_le (int_le ?a ?a) (int_mul ?a ?a)) <=> (int_le (int_not ?a) (int_mul ?a ?a))
(int_mul ?a (int_add ?a ?a)) <=> (int_add (int_mul ?a ?a) (int_mul ?a ?a))
(int_sub (int_mul ?a ?a) (int_neg ?a)) <=> (int_add ?a (int_mul ?a ?a))
(int_add (int_add ?a ?a) (int_neg ?a)) <=> (int_sub (int_add ?a ?a) ?a)
(int_le ?a (int_add ?a ?a)) <=> (int_le (int_neg ?a) (int_add ?a ?a))
(int_add ?a (int_neg ?a)) <=> (int_mul (int_neg ?a) (int_not ?a))
(int_sub (int_mul ?b ?b) (int_mul ?a ?a)) <=> (int_mul (int_add ?b ?a) (int_sub ?b ?a))
(int_le (int_sub ?a ?b) (int_le ?a ?a)) <=> (int_le (int_sub ?a ?b) (int_le ?b ?a))
(int_le (int_sub ?b ?a) (int_le ?b ?a)) <=> (int_le (int_sub ?b ?a) (int_sub ?b ?b))
(int_sub (int_add ?a ?a) (int_sub ?b ?a)) <=> (int_add (int_add ?a ?a) (int_sub ?a ?b))
(int_sub (int_sub ?a ?b) (int_sub ?b ?a)) <=> (int_add (int_sub ?a ?b) (int_sub ?a ?b))
(int_le (int_le ?a ?b) (int_sub ?a ?a)) <=> (int_sub (int_le ?a ?a) (int_le ?a ?b))
(int_le (int_le ?b ?a) (int_sub ?b ?a)) <=> (int_le (int_le ?b ?b) (int_sub ?b ?a))
(int_le (int_le ?a ?b) (int_sub ?b ?a)) <=> (int_le (int_le ?a ?a) (int_sub ?b ?a))
(int_le (int_mul ?a ?b) (int_sub ?a ?a)) <=> (int_le (int_mul ?a ?b) (int_not ?b))
(int_le ?b ?a) <=> (int_le (int_le ?a ?b) (int_le ?b ?a))
(int_le (int_mul ?a ?b) (int_not ?a)) <=> (int_le (int_mul ?a ?b) (int_not ?b))
(int_mul (int_mul ?a ?b) (int_not ?a)) <=> (int_mul (int_mul ?a ?b) (int_not ?b))
(int_sub (int_mul ?b ?b) ?a) <=> (int_add (int_mul ?b ?b) (int_neg ?a))
(int_le (int_add ?a ?a) (int_not ?b)) ==> (int_le (int_add ?a ?a) ?a)
(int_add (int_add ?b ?a) ?a) <=> (int_sub (int_add ?b ?a) (int_neg ?a))
(int_sub (int_sub ?b ?a) ?a) <=> (int_add (int_sub ?b ?a) (int_neg ?a))
(int_le (int_sub ?a ?a) (int_not ?b)) ==> (int_le ?a ?a)
(int_le (int_le ?b ?b) (int_not ?a)) ==> (int_not ?a)
(int_le (int_mul ?c ?a) (int_le ?b ?a)) <=> (int_le (int_mul ?c ?a) (int_le ?b ?c))
(int_le (int_mul ?c ?b) (int_le ?b ?a)) <=> (int_le (int_mul ?c ?b) (int_le ?c ?a))
(int_le (int_add ?c ?c) (int_le ?b ?a)) ==> (int_le (int_add ?c ?c) (int_not ?b))
(int_le (int_add ?c ?c) (int_le ?b ?a)) ==> (int_le (int_add ?c ?c) (int_neg ?c))
(int_le (int_add ?a ?a) (int_le ?c ?b)) ==> (int_le (int_add ?a ?a) ?a)
(int_add (int_le ?c ?b) (int_neg ?a)) <=> (int_sub (int_le ?c ?b) ?a)
Learned 55 bidirectional rewrites (102 total rewrites) in 1.951352264 using 525 prior rewrites
(int_le (int_and ?b ?a) (int_ne ?b ?a)) <=> (int_or (int_ne ?b ?a) (int_not ?b))
(int_ne (int_and ?b ?b) (int_le ?b ?a)) <=> (int_eq (int_le ?b ?a) (int_not ?b))
(int_le (int_and ?b ?b) (int_eq ?b ?a)) <=> (int_le (int_ne ?b ?a) (int_not ?b))
(int_ne (int_or ?b ?a) (int_eq ?b ?a)) <=> (int_or (int_ne ?b ?a) (int_not ?b))
(int_or (int_ne ?a ?b) (int_not ?a)) <=> (int_eq (int_or ?a ?b) (int_ne ?a ?b))
(int_ne (int_not ?b) (int_not ?a)) <=> (int_ne (int_and ?b ?a) (int_or ?b ?a))
(int_and ?b (int_eq ?b ?a)) <=> (int_eq (int_or ?b ?a) (int_eq ?b ?a))
(int_eq ?b ?a) <=> (int_and (int_le ?b ?a) (int_le ?a ?b))
(int_le (int_or ?b ?a) (int_le ?b ?a)) <=> (int_le ?b ?a)
(int_le (int_le ?b ?a) (int_ne ?b ?a)) <=> (int_ne ?b ?a)
(int_ne (int_le ?a ?b) (int_le ?b ?a)) <=> (int_ne ?a ?b)
(int_le (int_ne ?b ?a) (int_neg ?a)) <=> (int_le (int_or ?b ?a) (int_neg ?a))
(int_le (int_and ?b ?b) (int_neg ?a)) <=> (int_le (int_or ?b ?a) (int_neg ?a))
(int_or (int_and ?b ?a) (int_neg ?a)) <=> (int_and (int_or ?b ?a) (int_neg ?a))
(int_or (int_not ?b) (int_neg ?a)) <=> (int_or (int_eq ?b ?a) (int_neg ?a))
(int_le (int_not ?b) (int_neg ?a)) <=> (int_le (int_eq ?b ?a) (int_neg ?a))
(int_le (int_and ?a ?b) (int_neg ?a)) ==> (int_le ?a (int_neg ?a))
(int_or ?b (int_neg ?a)) <=> (int_or (int_or ?b ?a) (int_neg ?a))
(int_le (int_and ?b ?c) (int_or ?b ?a)) ==> (int_or (int_ne ?b ?c) (int_le ?c ?b))
(int_le (int_or ?b ?c) (int_and ?b ?a)) <=> (int_eq (int_or ?b ?c) (int_and ?b ?a))
(int_and (int_eq ?c ?b) (int_ne ?b ?a)) <=> (int_and (int_eq ?c ?b) (int_ne ?c ?a))
(int_le (int_and ?b ?c) (int_or ?b ?a)) ==> (int_or (int_or ?b ?c) (int_le ?c ?b))
(int_and (int_eq ?c ?b) (int_or ?b ?a)) <=> (int_and (int_eq ?c ?b) (int_or ?c ?a))
(int_ne (int_ne ?b ?c) (int_or ?b ?a)) <=> (int_eq (int_eq ?b ?c) (int_or ?b ?a))
(int_ne (int_eq ?b ?c) (int_le ?b ?a)) <=> (int_eq (int_ne ?b ?c) (int_le ?b ?a))
(int_and (int_eq ?c ?b) (int_le ?b ?a)) <=> (int_and (int_eq ?c ?b) (int_le ?c ?a))
(int_eq (int_and ?b ?c) (int_eq ?b ?a)) <=> (int_ne (int_and ?b ?c) (int_ne ?b ?a))
(int_ne (int_eq ?c ?a) (int_le ?b ?a)) <=> (int_eq (int_ne ?c ?a) (int_le ?b ?a))
(int_and (int_eq ?c ?a) (int_le ?b ?a)) <=> (int_and (int_eq ?c ?a) (int_le ?b ?c))
(int_le (int_and ?c ?b) (int_and ?a ?a)) <=> (int_le (int_and ?c ?b) (int_and ?c ?a))
(int_le (int_and ?c ?b) (int_and ?b ?a)) <=> (int_le (int_and ?c ?b) (int_and ?c ?a))
(int_le (int_eq ?c ?a) (int_le ?b ?a)) <=> (int_le (int_eq ?c ?a) (int_le ?b ?c))
(int_or (int_ne ?c ?b) (int_ne ?b ?a)) <=> (int_or (int_ne ?c ?b) (int_ne ?c ?a))
(int_le (int_eq ?c ?b) (int_le ?b ?a)) <=> (int_le (int_eq ?c ?b) (int_le ?c ?a))
(int_or (int_or ?c ?a) (int_le ?b ?a)) <=> (int_or (int_or ?c ?a) (int_le ?b ?c))
(int_eq (int_eq ?c ?b) (int_ne ?b ?a)) <=> (int_ne (int_eq ?c ?b) (int_eq ?b ?a))
(int_ne (int_ne ?c ?b) (int_ne ?b ?a)) <=> (int_ne (int_eq ?c ?b) (int_eq ?b ?a))
(int_and (int_eq ?b ?c) (int_eq ?b ?a)) <=> (int_and (int_eq ?b ?c) (int_eq ?c ?a))
(int_or (int_or ?c ?b) (int_le ?b ?a)) <=> (int_or (int_or ?c ?b) (int_le ?c ?a))
(int_eq (int_and ?c ?c) (int_eq ?b ?a)) <=> (int_ne (int_not ?c) (int_eq ?b ?a))
(int_ne (int_and ?c ?c) (int_and ?b ?a)) <=> (int_eq (int_not ?c) (int_and ?b ?a))
(int_or (int_not ?c) (int_or ?b ?a)) <=> (int_le (int_or ?c ?b) (int_or ?b ?a))
(int_or (int_or ?b ?c) (int_eq ?b ?a)) <=> (int_or (int_or ?b ?c) (int_not ?a))
(int_or ?c (int_or ?b ?a)) <=> (int_le (int_eq ?c ?b) (int_or ?c ?a))
(int_and ?c (int_or ?b ?a)) <=> (int_or (int_and ?c ?b) (int_and ?c ?a))
(int_or ?c (int_and ?b ?a)) <=> (int_and (int_or ?c ?b) (int_or ?c ?a))
(int_le (int_and ?c ?b) (int_or ?b ?a)) ==> (int_ne ?c (int_not ?c))
(int_le (int_and ?b ?c) (int_or ?b ?a)) ==> (int_ne ?b (int_not ?b))
(int_le (int_and ?b ?c) (int_or ?b ?a)) ==> (int_le ?b ?b)
(int_and (int_and ?b ?a) (int_or ?a ?c)) ==> (int_and ?b ?a)
(int_or (int_or ?b ?c) (int_and ?b ?a)) ==> (int_or ?b ?c)
(int_eq (int_not ?c) (int_ne ?b ?a)) <=> (int_ne (int_not ?c) (int_eq ?b ?a))
(int_or ?c (int_eq ?b ?a)) <=> (int_le (int_not ?c) (int_eq ?b ?a))
(int_or ?c (int_or ?b ?a)) <=> (int_le (int_not ?c) (int_or ?b ?a))
(int_le (int_not ?c) (int_le ?b ?a)) <=> (int_or ?c (int_le ?b ?a))


successes:
    test::run

test result: ok. 1 passed; 0 failed; 0 ignored; 0 measured; 0 filtered out; finished in 15.26s

37.94user 3.02system 0:25.20elapsed 162%CPU (0avgtext+0avgdata 1259952maxresident)k
2341368inputs+929488outputs (588major+875718minor)pagefaults 0swaps
